0 info it worked if it ends with ok
1 verbose cli [ '/usr/bin/nodejs', '/usr/bin/npm', 'start' ]
2 info using npm@3.10.8
3 info using node@v4.5.0
4 verbose run-script [ 'prestart', 'start', 'poststart' ]
5 info lifecycle proof-of-concept@0.0.1~prestart: proof-of-concept@0.0.1
6 silly lifecycle proof-of-concept@0.0.1~prestart: no script for prestart, continuing
7 info lifecycle proof-of-concept@0.0.1~start: proof-of-concept@0.0.1
8 verbose lifecycle proof-of-concept@0.0.1~start: unsafe-perm in lifecycle true
9 verbose lifecycle proof-of-concept@0.0.1~start: PATH: /usr/lib/node_modules/npm/bin/node-gyp-bin:/home/ns/WebstormProjects/proofconcept/node_modules/.bin:/home/ns/.rvm/gems/ruby-2.3.1/bin:/home/ns/.rvm/gems/ruby-2.3.1@global/bin:/home/ns/.rvm/rubies/ruby-2.3.1/bin:/home/ns/bin:/home/ns/.local/bin:/home/ns/bin:/home/ns/.local/bin:/usr/local/sbin:/usr/local/bin:/usr/sbin:/usr/bin:/sbin:/bin:/usr/games:/usr/local/games:/snap/bin:/usr/lib/jvm/java-8-oracle/bin:/usr/lib/jvm/java-8-oracle/db/bin:/usr/lib/jvm/java-8-oracle/jre/bin:/home/ns/.rvm/bin:/snap/bin:/usr/lib/jvm/java-8-oracle/bin:/usr/lib/jvm/java-8-oracle/db/bin:/usr/lib/jvm/java-8-oracle/jre/bin:/home/ns/.rvm/bin:/home/ns/.rvm/bin
10 verbose lifecycle proof-of-concept@0.0.1~start: CWD: /home/ns/WebstormProjects/proofconcept
11 silly lifecycle proof-of-concept@0.0.1~start: Args: [ '-c', 'node ./bin/www' ]
12 silly lifecycle proof-of-concept@0.0.1~start: Returned: code: 1  signal: null
13 info lifecycle proof-of-concept@0.0.1~start: Failed to exec start script
14 verbose stack Error: proof-of-concept@0.0.1 start: `node ./bin/www`
14 verbose stack Exit status 1
14 verbose stack     at EventEmitter.<anonymous> (/usr/lib/node_modules/npm/lib/utils/lifecycle.js:255:16)
14 verbose stack     at emitTwo (events.js:87:13)
14 verbose stack     at EventEmitter.emit (events.js:172:7)
14 verbose stack     at ChildProcess.<anonymous> (/usr/lib/node_modules/npm/lib/utils/spawn.js:40:14)
14 verbose stack     at emitTwo (events.js:87:13)
14 verbose stack     at ChildProcess.emit (events.js:172:7)
14 verbose stack     at maybeClose (internal/child_process.js:829:16)
14 verbose stack     at Process.ChildProcess._handle.onexit (internal/child_process.js:211:5)
15 verbose pkgid proof-of-concept@0.0.1
16 verbose cwd /home/ns/WebstormProjects/proofconcept
17 error Linux 4.4.0-36-generic
18 error argv "/usr/bin/nodejs" "/usr/bin/npm" "start"
19 error node v4.5.0
20 error npm  v3.10.8
21 error code ELIFECYCLE
22 error proof-of-concept@0.0.1 start: `node ./bin/www`
22 error Exit status 1
23 error Failed at the proof-of-concept@0.0.1 start script 'node ./bin/www'.
23 error Make sure you have the latest version of node.js and npm installed.
23 error If you do, this is most likely a problem with the proof-of-concept package,
23 error not with npm itself.
23 error Tell the author that this fails on your system:
23 error     node ./bin/www
23 error You can get information on how to open an issue for this project with:
23 error     npm bugs proof-of-concept
23 error Or if that isn't available, you can get their info via:
23 error     npm owner ls proof-of-concept
23 error There is likely additional logging output above.
24 verbose exit [ 1, true ]
